<?xml version="1.0" encoding="UTF-8" standalone="yes"?>
<ns2:test-suite start="0" stop="1644868689750" version="1.4.15" xmlns:ns2="urn:model.allure.qatools.yandex.ru">
    <test-cases>
        <test-case start="1644868688596" stop="1644868688596" status="passed">
            <name>Given I open application in local Chrome Browser</name>
            <title>Given I open application in local Chrome Browser</title>
            <steps/>
            <attachments/>
            <labels>
                <label name="host" value="Arian-Gorani"/>
                <label name="thread" value="8000@Arian-Gorani.main(1)"/>
            </labels>
        </test-case>
        <test-case start="1644868688750" stop="1644868688750" status="passed">
            <name>When I click on Customer Login</name>
            <title>When I click on Customer Login</title>
            <steps/>
            <attachments/>
            <labels>
                <label name="host" value="Arian-Gorani"/>
                <label name="thread" value="8000@Arian-Gorani.main(1)"/>
            </labels>
        </test-case>
        <test-case start="1644868688993" stop="1644868688994" status="passed">
            <name>And I chose 'Harry Potter' customer from Dropdown</name>
            <title>And I chose 'Harry Potter' customer from Dropdown</title>
            <steps/>
            <attachments/>
            <labels>
                <label name="host" value="Arian-Gorani"/>
                <label name="thread" value="8000@Arian-Gorani.main(1)"/>
            </labels>
        </test-case>
        <test-case start="1644868689049" stop="1644868689049" status="passed">
            <name>And I click Login</name>
            <title>And I click Login</title>
            <steps/>
            <attachments/>
            <labels>
                <label name="host" value="Arian-Gorani"/>
                <label name="thread" value="8000@Arian-Gorani.main(1)"/>
            </labels>
        </test-case>
        <test-case start="1644868689050" stop="1644868689050" status="pending">
            <name>And click deposit, enter an amount '90'</name>
            <title>And click deposit, enter an amount '90'</title>
            <failure>
                <message>Test ignored (without reason)!</message>
                <stack-trace>There are no stack trace</stack-trace>
            </failure>
            <steps/>
            <attachments/>
            <labels>
                <label name="host" value="Arian-Gorani"/>
                <label name="thread" value="8000@Arian-Gorani.main(1)"/>
            </labels>
        </test-case>
        <test-case start="1644868689051" stop="1644868689051" status="pending">
            <name>And click Deposit button</name>
            <title>And click Deposit button</title>
            <failure>
                <message>Test ignored (without reason)!</message>
                <stack-trace>There are no stack trace</stack-trace>
            </failure>
            <steps/>
            <attachments/>
            <labels>
                <label name="host" value="Arian-Gorani"/>
                <label name="thread" value="8000@Arian-Gorani.main(1)"/>
            </labels>
        </test-case>
        <test-case start="1644868689052" stop="1644868689052" status="pending">
            <name>Then I verify message 'Deposit Successful' is visible on the page</name>
            <title>Then I verify message 'Deposit Successful' is visible on the page</title>
            <failure>
                <message>Test ignored (without reason)!</message>
                <stack-trace>There are no stack trace</stack-trace>
            </failure>
            <steps/>
            <attachments/>
            <labels>
                <label name="host" value="Arian-Gorani"/>
                <label name="thread" value="8000@Arian-Gorani.main(1)"/>
            </labels>
        </test-case>
        <test-case start="1644868689053" stop="1644868689053" status="pending">
            <name>And user log out</name>
            <title>And user log out</title>
            <failure>
                <message>Test ignored (without reason)!</message>
                <stack-trace>There are no stack trace</stack-trace>
            </failure>
            <steps/>
            <attachments/>
            <labels>
                <label name="host" value="Arian-Gorani"/>
                <label name="thread" value="8000@Arian-Gorani.main(1)"/>
            </labels>
        </test-case>
        <test-case start="1644868689750" stop="1644868689750" status="pending">
            <name>| Chrome |</name>
            <title>| Chrome |</title>
            <failure>
                <message>Test ignored (without reason)!</message>
                <stack-trace>There are no stack trace</stack-trace>
            </failure>
            <steps/>
            <attachments/>
            <labels>
                <label name="host" value="Arian-Gorani"/>
                <label name="thread" value="8000@Arian-Gorani.main(1)"/>
            </labels>
        </test-case>
    </test-cases>
    <labels>
        <label name="language" value="JAVA"/>
    </labels>
</ns2:test-suite>
