<?xml version="1.0" encoding="UTF-8" standalone="yes"?>
<ns2:test-suite start="0" stop="1644868686659" version="1.4.15" xmlns:ns2="urn:model.allure.qatools.yandex.ru">
    <test-cases>
        <test-case start="1644868684797" stop="1644868684797" status="passed">
            <name>Given I open application in local Edge Browser</name>
            <title>Given I open application in local Edge Browser</title>
            <steps/>
            <attachments/>
            <labels>
                <label name="host" value="Arian-Gorani"/>
                <label name="thread" value="8000@Arian-Gorani.main(1)"/>
            </labels>
        </test-case>
        <test-case start="1644868685901" stop="1644868685901" status="passed">
            <name>When I click on Customer Login</name>
            <title>When I click on Customer Login</title>
            <steps/>
            <attachments/>
            <labels>
                <label name="host" value="Arian-Gorani"/>
                <label name="thread" value="8000@Arian-Gorani.main(1)"/>
            </labels>
        </test-case>
        <test-case start="1644868685903" stop="1644868685903" status="pending">
            <name>And user in customer page, verify page name</name>
            <title>And user in customer page, verify page name</title>
            <failure>
                <message>Test ignored (without reason)!</message>
                <stack-trace>There are no stack trace</stack-trace>
            </failure>
            <steps/>
            <attachments/>
            <labels>
                <label name="host" value="Arian-Gorani"/>
                <label name="thread" value="8000@Arian-Gorani.main(1)"/>
            </labels>
        </test-case>
        <test-case start="1644868685904" stop="1644868685904" status="pending">
            <name>And I chose 'Harry Potter' customer from Dropdown</name>
            <title>And I chose 'Harry Potter' customer from Dropdown</title>
            <failure>
                <message>Test ignored (without reason)!</message>
                <stack-trace>There are no stack trace</stack-trace>
            </failure>
            <steps/>
            <attachments/>
            <labels>
                <label name="host" value="Arian-Gorani"/>
                <label name="thread" value="8000@Arian-Gorani.main(1)"/>
            </labels>
        </test-case>
        <test-case start="1644868685904" stop="1644868685904" status="pending">
            <name>And I click Login</name>
            <title>And I click Login</title>
            <failure>
                <message>Test ignored (without reason)!</message>
                <stack-trace>There are no stack trace</stack-trace>
            </failure>
            <steps/>
            <attachments/>
            <labels>
                <label name="host" value="Arian-Gorani"/>
                <label name="thread" value="8000@Arian-Gorani.main(1)"/>
            </labels>
        </test-case>
        <test-case start="1644868685905" stop="1644868685905" status="pending">
            <name>Then I verify name on-page is the same as login</name>
            <title>Then I verify name on-page is the same as login</title>
            <failure>
                <message>Test ignored (without reason)!</message>
                <stack-trace>There are no stack trace</stack-trace>
            </failure>
            <steps/>
            <attachments/>
            <labels>
                <label name="host" value="Arian-Gorani"/>
                <label name="thread" value="8000@Arian-Gorani.main(1)"/>
            </labels>
        </test-case>
        <test-case start="1644868685906" stop="1644868685906" status="pending">
            <name>Then user logs out</name>
            <title>Then user logs out</title>
            <failure>
                <message>Test ignored (without reason)!</message>
                <stack-trace>There are no stack trace</stack-trace>
            </failure>
            <steps/>
            <attachments/>
            <labels>
                <label name="host" value="Arian-Gorani"/>
                <label name="thread" value="8000@Arian-Gorani.main(1)"/>
            </labels>
        </test-case>
        <test-case start="1644868686659" stop="1644868686659" status="pending">
            <name>| Edge |</name>
            <title>| Edge |</title>
            <failure>
                <message>Test ignored (without reason)!</message>
                <stack-trace>There are no stack trace</stack-trace>
            </failure>
            <steps/>
            <attachments/>
            <labels>
                <label name="host" value="Arian-Gorani"/>
                <label name="thread" value="8000@Arian-Gorani.main(1)"/>
            </labels>
        </test-case>
    </test-cases>
    <labels>
        <label name="language" value="JAVA"/>
    </labels>
</ns2:test-suite>
